Build started 2/9/2020 1:10:45 PM.
     1>Project "C:\Users\winie\OneDrive\Documents\NJIT\Spring 20\CS435\HW1\HW1\HW1.vcxproj" on node 2 (Build target(s)).
     1>ClCompile:
         C:\Program Files (x86)\Microsoft Visual Studio 12.0\VC\bin\CL.exe /c /Zi /nologo /W3 /WX- /sdl /O2 /Oi /Oy- /GL /D WIN32 /D NDEBUG /D _CONSOLE /D _LIB /D _UNICODE /D UNICODE /Gm- /EHsc /MD /GS /Gy /fp:precise /Zc:wchar_t /Zc:forScope /Yu"stdafx.h" /Fp"Release\HW1.pch" /Fo"Release\\" /Fd"Release\vc120.pdb" /Gd /TP /analyze- /errorReport:prompt HW1.cpp
         HW1.cpp
     1>HW1.cpp(54): warning C4099: 'Node' : type name first seen using 'class' now seen using 'struct'
                 HW1.cpp(11) : see declaration of 'Node'
     1>HW1.cpp(174): warning C4018: '<' : signed/unsigned mismatch
     1>HW1.cpp(187): warning C4018: '<' : signed/unsigned mismatch
     1>HW1.cpp(203): warning C4018: '<' : signed/unsigned mismatch
     1>HW1.cpp(206): warning C4018: '<' : signed/unsigned mismatch
       Link:
         C:\Program Files (x86)\Microsoft Visual Studio 12.0\VC\bin\link.exe /ERRORREPORT:PROMPT /OUT:"C:\Users\winie\OneDrive\Documents\NJIT\Spring 20\CS435\HW1\Release\HW1.exe" /INCREMENTAL:NO /NOLOGO kernel32.lib user32.lib gdi32.lib winspool.lib comdlg32.lib advapi32.lib shell32.lib ole32.lib oleaut32.lib uuid.lib odbc32.lib odbccp32.lib /MANIFEST /MANIFESTUAC:"level='asInvoker' uiAccess='false'" /manifest:embed /DEBUG /PDB:"C:\Users\winie\OneDrive\Documents\NJIT\Spring 20\CS435\HW1\Release\HW1.pdb" /SUBSYSTEM:CONSOLE /OPT:REF /OPT:ICF /LTCG /TLBID:1 /DYNAMICBASE /NXCOMPAT /IMPLIB:"C:\Users\winie\OneDrive\Documents\NJIT\Spring 20\CS435\HW1\Release\HW1.lib" /MACHINE:X86 /SAFESEH Release\HW1.obj
         Release\stdafx.obj
         Generating code
         Finished generating code
         HW1.vcxproj -> C:\Users\winie\OneDrive\Documents\NJIT\Spring 20\CS435\HW1\Release\HW1.exe
     1>Done Building Project "C:\Users\winie\OneDrive\Documents\NJIT\Spring 20\CS435\HW1\HW1\HW1.vcxproj" (Build target(s)).

Build succeeded.

Time Elapsed 00:00:01.08
